Started GET "/spree/products/33/small/apache_baseball.png?1536474866" for 127.0.0.1 at 2018-09-18 15:29:41 +0900
Started GET "/spree/products/24/small/ror_baseball.jpeg?1536474862" for 127.0.0.1 at 2018-09-18 15:29:41 +0900
Started GET "/spree/products/23/small/ror_bag.jpeg?1536474862" for 127.0.0.1 at 2018-09-18 15:29:41 +0900
Started GET "/" for 127.0.0.1 at 2018-09-18 15:29:41 +0900
  
  
  
ActionController::RoutingError (No route matches [GET] "/spree/products/23/small/ror_bag.jpeg"):
ActionController::RoutingError (No route matches [GET] "/spree/products/33/small/apache_baseball.png"):
ActionController::RoutingError (No route matches [GET] "/spree/products/24/small/ror_baseball.jpeg"):
  
  
  
vendor/bundle/ruby/2.3.0/gems/actionpack-5.0.7/lib/action_dispatch/middleware/debug_exceptions.rb:53:in `call'
vendor/bundle/ruby/2.3.0/gems/web-console-3.7.0/lib/web_console/middleware.rb:135:in `call_app'
vendor/bundle/ruby/2.3.0/gems/web-console-3.7.0/lib/web_console/middleware.rb:30:in `block in call'
vendor/bundle/ruby/2.3.0/gems/web-console-3.7.0/lib/web_console/middleware.rb:20:in `catch'
vendor/bundle/ruby/2.3.0/gems/web-console-3.7.0/lib/web_console/middleware.rb:20:in `call'
vendor/bundle/ruby/2.3.0/gems/actionpack-5.0.7/lib/action_dispatch/middleware/show_exceptions.rb:31:in `call'
vendor/bundle/ruby/2.3.0/gems/railties-5.0.7/lib/rails/rack/logger.rb:36:in `call_app'
vendor/bundle/ruby/2.3.0/gems/railties-5.0.7/lib/rails/rack/logger.rb:24:in `block in call'
vendor/bundle/ruby/2.3.0/gems/activesupport-5.0.7/lib/active_support/tagged_logging.rb:69:in `block in tagged'
vendor/bundle/ruby/2.3.0/gems/activesupport-5.0.7/lib/active_support/tagged_logging.rb:26:in `tagged'
vendor/bundle/ruby/2.3.0/gems/activesupport-5.0.7/lib/active_support/tagged_logging.rb:69:in `tagged'
vendor/bundle/ruby/2.3.0/gems/railties-5.0.7/lib/rails/rack/logger.rb:24:in `call'
vendor/bundle/ruby/2.3.0/gems/sprockets-rails-3.2.1/lib/sprockets/rails/quiet_assets.rb:13:in `call'
vendor/bundle/ruby/2.3.0/gems/actionpack-5.0.7/lib/action_dispatch/middleware/request_id.rb:24:in `call'
vendor/bundle/ruby/2.3.0/gems/rack-2.0.5/lib/rack/method_override.rb:22:in `call'
vendor/bundle/ruby/2.3.0/gems/rack-2.0.5/lib/rack/runtime.rb:22:in `call'
vendor/bundle/ruby/2.3.0/gems/activesupport-5.0.7/lib/active_support/cache/strategy/local_cache_middleware.rb:28:in `call'
vendor/bundle/ruby/2.3.0/gems/actionpack-5.0.7/lib/action_dispatch/middleware/executor.rb:12:in `call'
vendor/bundle/ruby/2.3.0/gems/actionpack-5.0.7/lib/action_dispatch/middleware/static.rb:136:in `call'
vendor/bundle/ruby/2.3.0/gems/rack-2.0.5/lib/rack/sendfile.rb:111:in `call'
vendor/bundle/ruby/2.3.0/gems/railties-5.0.7/lib/rails/engine.rb:522:in `call'
vendor/bundle/ruby/2.3.0/gems/puma-3.12.0/lib/puma/configuration.rb:225:in `call'
vendor/bundle/ruby/2.3.0/gems/puma-3.12.0/lib/puma/server.rb:658:in `handle_request'
vendor/bundle/ruby/2.3.0/gems/puma-3.12.0/lib/puma/server.rb:472:in `process_client'
vendor/bundle/ruby/2.3.0/gems/puma-3.12.0/lib/puma/server.rb:332:in `block in run'
vendor/bundle/ruby/2.3.0/gems/puma-3.12.0/lib/puma/thread_pool.rb:133:in `block in spawn_thread'
vendor/bundle/ruby/2.3.0/gems/actionpack-5.0.7/lib/action_dispatch/middleware/debug_exceptions.rb:53:in `call'
vendor/bundle/ruby/2.3.0/gems/web-console-3.7.0/lib/web_console/middleware.rb:135:in `call_app'
vendor/bundle/ruby/2.3.0/gems/web-console-3.7.0/lib/web_console/middleware.rb:30:in `block in call'
vendor/bundle/ruby/2.3.0/gems/web-console-3.7.0/lib/web_console/middleware.rb:20:in `catch'
vendor/bundle/ruby/2.3.0/gems/web-console-3.7.0/lib/web_console/middleware.rb:20:in `call'
vendor/bundle/ruby/2.3.0/gems/actionpack-5.0.7/lib/action_dispatch/middleware/show_exceptions.rb:31:in `call'
vendor/bundle/ruby/2.3.0/gems/railties-5.0.7/lib/rails/rack/logger.rb:36:in `call_app'
vendor/bundle/ruby/2.3.0/gems/railties-5.0.7/lib/rails/rack/logger.rb:24:in `block in call'
vendor/bundle/ruby/2.3.0/gems/activesupport-5.0.7/lib/active_support/tagged_logging.rb:69:in `block in tagged'
vendor/bundle/ruby/2.3.0/gems/activesupport-5.0.7/lib/active_support/tagged_logging.rb:26:in `tagged'
vendor/bundle/ruby/2.3.0/gems/activesupport-5.0.7/lib/active_support/tagged_logging.rb:69:in `tagged'
vendor/bundle/ruby/2.3.0/gems/railties-5.0.7/lib/rails/rack/logger.rb:24:in `call'
vendor/bundle/ruby/2.3.0/gems/sprockets-rails-3.2.1/lib/sprockets/rails/quiet_assets.rb:13:in `call'
vendor/bundle/ruby/2.3.0/gems/actionpack-5.0.7/lib/action_dispatch/middleware/request_id.rb:24:in `call'
vendor/bundle/ruby/2.3.0/gems/rack-2.0.5/lib/rack/method_override.rb:22:in `call'
vendor/bundle/ruby/2.3.0/gems/rack-2.0.5/lib/rack/runtime.rb:22:in `call'
vendor/bundle/ruby/2.3.0/gems/activesupport-5.0.7/lib/active_support/cache/strategy/local_cache_middleware.rb:28:in `call'
vendor/bundle/ruby/2.3.0/gems/actionpack-5.0.7/lib/action_dispatch/middleware/executor.rb:12:in `call'
vendor/bundle/ruby/2.3.0/gems/actionpack-5.0.7/lib/action_dispatch/middleware/static.rb:136:in `call'
vendor/bundle/ruby/2.3.0/gems/rack-2.0.5/lib/rack/sendfile.rb:111:in `call'
vendor/bundle/ruby/2.3.0/gems/railties-5.0.7/lib/rails/engine.rb:522:in `call'
vendor/bundle/ruby/2.3.0/gems/puma-3.12.0/lib/puma/configuration.rb:225:in `call'
vendor/bundle/ruby/2.3.0/gems/puma-3.12.0/lib/puma/server.rb:658:in `handle_request'
vendor/bundle/ruby/2.3.0/gems/puma-3.12.0/lib/puma/server.rb:472:in `process_client'
vendor/bundle/ruby/2.3.0/gems/puma-3.12.0/lib/puma/server.rb:332:in `block in run'
vendor/bundle/ruby/2.3.0/gems/puma-3.12.0/lib/puma/thread_pool.rb:133:in `block in spawn_thread'
vendor/bundle/ruby/2.3.0/gems/actionpack-5.0.7/lib/action_dispatch/middleware/debug_exceptions.rb:53:in `call'
vendor/bundle/ruby/2.3.0/gems/web-console-3.7.0/lib/web_console/middleware.rb:135:in `call_app'
vendor/bundle/ruby/2.3.0/gems/web-console-3.7.0/lib/web_console/middleware.rb:30:in `block in call'
vendor/bundle/ruby/2.3.0/gems/web-console-3.7.0/lib/web_console/middleware.rb:20:in `catch'
vendor/bundle/ruby/2.3.0/gems/web-console-3.7.0/lib/web_console/middleware.rb:20:in `call'
vendor/bundle/ruby/2.3.0/gems/actionpack-5.0.7/lib/action_dispatch/middleware/show_exceptions.rb:31:in `call'
vendor/bundle/ruby/2.3.0/gems/railties-5.0.7/lib/rails/rack/logger.rb:36:in `call_app'
vendor/bundle/ruby/2.3.0/gems/railties-5.0.7/lib/rails/rack/logger.rb:24:in `block in call'
vendor/bundle/ruby/2.3.0/gems/activesupport-5.0.7/lib/active_support/tagged_logging.rb:69:in `block in tagged'
vendor/bundle/ruby/2.3.0/gems/activesupport-5.0.7/lib/active_support/tagged_logging.rb:26:in `tagged'
vendor/bundle/ruby/2.3.0/gems/activesupport-5.0.7/lib/active_support/tagged_logging.rb:69:in `tagged'
vendor/bundle/ruby/2.3.0/gems/railties-5.0.7/lib/rails/rack/logger.rb:24:in `call'
vendor/bundle/ruby/2.3.0/gems/sprockets-rails-3.2.1/lib/sprockets/rails/quiet_assets.rb:13:in `call'
vendor/bundle/ruby/2.3.0/gems/actionpack-5.0.7/lib/action_dispatch/middleware/request_id.rb:24:in `call'
vendor/bundle/ruby/2.3.0/gems/rack-2.0.5/lib/rack/method_override.rb:22:in `call'
vendor/bundle/ruby/2.3.0/gems/rack-2.0.5/lib/rack/runtime.rb:22:in `call'
vendor/bundle/ruby/2.3.0/gems/activesupport-5.0.7/lib/active_support/cache/strategy/local_cache_middleware.rb:28:in `call'
vendor/bundle/ruby/2.3.0/gems/actionpack-5.0.7/lib/action_dispatch/middleware/executor.rb:12:in `call'
vendor/bundle/ruby/2.3.0/gems/actionpack-5.0.7/lib/action_dispatch/middleware/static.rb:136:in `call'
vendor/bundle/ruby/2.3.0/gems/rack-2.0.5/lib/rack/sendfile.rb:111:in `call'
vendor/bundle/ruby/2.3.0/gems/railties-5.0.7/lib/rails/engine.rb:522:in `call'
vendor/bundle/ruby/2.3.0/gems/puma-3.12.0/lib/puma/configuration.rb:225:in `call'
vendor/bundle/ruby/2.3.0/gems/puma-3.12.0/lib/puma/server.rb:658:in `handle_request'
vendor/bundle/ruby/2.3.0/gems/puma-3.12.0/lib/puma/server.rb:472:in `process_client'
vendor/bundle/ruby/2.3.0/gems/puma-3.12.0/lib/puma/server.rb:332:in `block in run'
vendor/bundle/ruby/2.3.0/gems/puma-3.12.0/lib/puma/thread_pool.rb:133:in `block in spawn_thread'
  Rendering vendor/bundle/ruby/2.3.0/gems/actionpack-5.0.7/lib/action_dispatch/middleware/templates/rescues/routing_error.html.erb within rescues/layout
  Rendering vendor/bundle/ruby/2.3.0/gems/actionpack-5.0.7/lib/action_dispatch/middleware/templates/rescues/routing_error.html.erb within rescues/layout
  Rendering vendor/bundle/ruby/2.3.0/gems/actionpack-5.0.7/lib/action_dispatch/middleware/templates/rescues/routing_error.html.erb within rescues/layout
  Rendering vendor/bundle/ruby/2.3.0/gems/actionpack-5.0.7/lib/action_dispatch/middleware/templates/rescues/_trace.html.erb
  Rendering vendor/bundle/ruby/2.3.0/gems/actionpack-5.0.7/lib/action_dispatch/middleware/templates/rescues/_trace.html.erb
  Rendering vendor/bundle/ruby/2.3.0/gems/actionpack-5.0.7/lib/action_dispatch/middleware/templates/rescues/_trace.html.erb
  Rendered vendor/bundle/ruby/2.3.0/gems/actionpack-5.0.7/lib/action_dispatch/middleware/templates/rescues/_trace.html.erb (1.5ms)
  Rendered vendor/bundle/ruby/2.3.0/gems/actionpack-5.0.7/lib/action_dispatch/middleware/templates/rescues/_trace.html.erb (1.4ms)
  Rendered vendor/bundle/ruby/2.3.0/gems/actionpack-5.0.7/lib/action_dispatch/middleware/templates/rescues/_trace.html.erb (1.4ms)
  Rendered vendor/bundle/ruby/2.3.0/gems/actionpack-5.0.7/lib/action_dispatch/middleware/templates/routes/_table.html.erb (54.8ms)
  Rendered vendor/bundle/ruby/2.3.0/gems/actionpack-5.0.7/lib/action_dispatch/middleware/templates/routes/_table.html.erb (8.2ms)
  Rendered vendor/bundle/ruby/2.3.0/gems/actionpack-5.0.7/lib/action_dispatch/middleware/templates/routes/_table.html.erb (10.1ms)
  Rendering vendor/bundle/ruby/2.3.0/gems/actionpack-5.0.7/lib/action_dispatch/middleware/templates/rescues/_request_and_response.html.erb
  Rendering vendor/bundle/ruby/2.3.0/gems/actionpack-5.0.7/lib/action_dispatch/middleware/templates/rescues/_request_and_response.html.erb
  Rendering vendor/bundle/ruby/2.3.0/gems/actionpack-5.0.7/lib/action_dispatch/middleware/templates/rescues/_request_and_response.html.erb
  Rendered vendor/bundle/ruby/2.3.0/gems/actionpack-5.0.7/lib/action_dispatch/middleware/templates/rescues/_request_and_response.html.erb (14.4ms)
  Rendered vendor/bundle/ruby/2.3.0/gems/actionpack-5.0.7/lib/action_dispatch/middleware/templates/rescues/_request_and_response.html.erb (6.7ms)
  Rendered vendor/bundle/ruby/2.3.0/gems/actionpack-5.0.7/lib/action_dispatch/middleware/templates/rescues/_request_and_response.html.erb (8.6ms)
  Rendered vendor/bundle/ruby/2.3.0/gems/actionpack-5.0.7/lib/action_dispatch/middleware/templates/rescues/routing_error.html.erb within rescues/layout (435.4ms)
  Rendered vendor/bundle/ruby/2.3.0/gems/actionpack-5.0.7/lib/action_dispatch/middleware/templates/rescues/routing_error.html.erb within rescues/layout (434.0ms)
  Rendered vendor/bundle/ruby/2.3.0/gems/actionpack-5.0.7/lib/action_dispatch/middleware/templates/rescues/routing_error.html.erb within rescues/layout (431.9ms)
Processing by Rails::WelcomeController#index as HTML
  Parameters: {"internal"=>true}
  Rendering vendor/bundle/ruby/2.3.0/gems/railties-5.0.7/lib/rails/templates/rails/welcome/index.html.erb
  Rendered vendor/bundle/ruby/2.3.0/gems/railties-5.0.7/lib/rails/templates/rails/welcome/index.html.erb (3.9ms)
Completed 200 OK in 22ms (Views: 12.2ms | ActiveRecord: 0.0ms)


Started GET "/" for 127.0.0.1 at 2018-09-18 15:29:55 +0900
Processing by Rails::WelcomeController#index as HTML
  Parameters: {"internal"=>true}
  Rendering vendor/bundle/ruby/2.3.0/gems/railties-5.0.7/lib/rails/templates/rails/welcome/index.html.erb
  Rendered vendor/bundle/ruby/2.3.0/gems/railties-5.0.7/lib/rails/templates/rails/welcome/index.html.erb (3.3ms)
Completed 200 OK in 14ms (Views: 8.4ms | ActiveRecord: 0.0ms)


Started GET "/sugoroku" for 127.0.0.1 at 2018-09-18 15:29:59 +0900
  
ActionController::RoutingError (No route matches [GET] "/sugoroku"):
  
vendor/bundle/ruby/2.3.0/gems/actionpack-5.0.7/lib/action_dispatch/middleware/debug_exceptions.rb:53:in `call'
vendor/bundle/ruby/2.3.0/gems/web-console-3.7.0/lib/web_console/middleware.rb:135:in `call_app'
vendor/bundle/ruby/2.3.0/gems/web-console-3.7.0/lib/web_console/middleware.rb:30:in `block in call'
vendor/bundle/ruby/2.3.0/gems/web-console-3.7.0/lib/web_console/middleware.rb:20:in `catch'
vendor/bundle/ruby/2.3.0/gems/web-console-3.7.0/lib/web_console/middleware.rb:20:in `call'
vendor/bundle/ruby/2.3.0/gems/actionpack-5.0.7/lib/action_dispatch/middleware/show_exceptions.rb:31:in `call'
vendor/bundle/ruby/2.3.0/gems/railties-5.0.7/lib/rails/rack/logger.rb:36:in `call_app'
vendor/bundle/ruby/2.3.0/gems/railties-5.0.7/lib/rails/rack/logger.rb:24:in `block in call'
vendor/bundle/ruby/2.3.0/gems/activesupport-5.0.7/lib/active_support/tagged_logging.rb:69:in `block in tagged'
vendor/bundle/ruby/2.3.0/gems/activesupport-5.0.7/lib/active_support/tagged_logging.rb:26:in `tagged'
vendor/bundle/ruby/2.3.0/gems/activesupport-5.0.7/lib/active_support/tagged_logging.rb:69:in `tagged'
vendor/bundle/ruby/2.3.0/gems/railties-5.0.7/lib/rails/rack/logger.rb:24:in `call'
vendor/bundle/ruby/2.3.0/gems/sprockets-rails-3.2.1/lib/sprockets/rails/quiet_assets.rb:13:in `call'
vendor/bundle/ruby/2.3.0/gems/actionpack-5.0.7/lib/action_dispatch/middleware/request_id.rb:24:in `call'
vendor/bundle/ruby/2.3.0/gems/rack-2.0.5/lib/rack/method_override.rb:22:in `call'
vendor/bundle/ruby/2.3.0/gems/rack-2.0.5/lib/rack/runtime.rb:22:in `call'
vendor/bundle/ruby/2.3.0/gems/activesupport-5.0.7/lib/active_support/cache/strategy/local_cache_middleware.rb:28:in `call'
vendor/bundle/ruby/2.3.0/gems/actionpack-5.0.7/lib/action_dispatch/middleware/executor.rb:12:in `call'
vendor/bundle/ruby/2.3.0/gems/actionpack-5.0.7/lib/action_dispatch/middleware/static.rb:136:in `call'
vendor/bundle/ruby/2.3.0/gems/rack-2.0.5/lib/rack/sendfile.rb:111:in `call'
vendor/bundle/ruby/2.3.0/gems/railties-5.0.7/lib/rails/engine.rb:522:in `call'
vendor/bundle/ruby/2.3.0/gems/puma-3.12.0/lib/puma/configuration.rb:225:in `call'
vendor/bundle/ruby/2.3.0/gems/puma-3.12.0/lib/puma/server.rb:658:in `handle_request'
vendor/bundle/ruby/2.3.0/gems/puma-3.12.0/lib/puma/server.rb:472:in `process_client'
vendor/bundle/ruby/2.3.0/gems/puma-3.12.0/lib/puma/server.rb:332:in `block in run'
vendor/bundle/ruby/2.3.0/gems/puma-3.12.0/lib/puma/thread_pool.rb:133:in `block in spawn_thread'
  Rendering vendor/bundle/ruby/2.3.0/gems/actionpack-5.0.7/lib/action_dispatch/middleware/templates/rescues/routing_error.html.erb within rescues/layout
  Rendering vendor/bundle/ruby/2.3.0/gems/actionpack-5.0.7/lib/action_dispatch/middleware/templates/rescues/_trace.html.erb
  Rendered vendor/bundle/ruby/2.3.0/gems/actionpack-5.0.7/lib/action_dispatch/middleware/templates/rescues/_trace.html.erb (1.2ms)
  Rendered vendor/bundle/ruby/2.3.0/gems/actionpack-5.0.7/lib/action_dispatch/middleware/templates/routes/_table.html.erb (2.1ms)
  Rendering vendor/bundle/ruby/2.3.0/gems/actionpack-5.0.7/lib/action_dispatch/middleware/templates/rescues/_request_and_response.html.erb
  Rendered vendor/bundle/ruby/2.3.0/gems/actionpack-5.0.7/lib/action_dispatch/middleware/templates/rescues/_request_and_response.html.erb (1.0ms)
  Rendered vendor/bundle/ruby/2.3.0/gems/actionpack-5.0.7/lib/action_dispatch/middleware/templates/rescues/routing_error.html.erb within rescues/layout (142.9ms)
Started GET "/sugoroku" for 127.0.0.1 at 2018-09-18 15:30:04 +0900
  
ActionController::RoutingError (No route matches [GET] "/sugoroku"):
  
vendor/bundle/ruby/2.3.0/gems/actionpack-5.0.7/lib/action_dispatch/middleware/debug_exceptions.rb:53:in `call'
vendor/bundle/ruby/2.3.0/gems/web-console-3.7.0/lib/web_console/middleware.rb:135:in `call_app'
vendor/bundle/ruby/2.3.0/gems/web-console-3.7.0/lib/web_console/middleware.rb:30:in `block in call'
vendor/bundle/ruby/2.3.0/gems/web-console-3.7.0/lib/web_console/middleware.rb:20:in `catch'
vendor/bundle/ruby/2.3.0/gems/web-console-3.7.0/lib/web_console/middleware.rb:20:in `call'
vendor/bundle/ruby/2.3.0/gems/actionpack-5.0.7/lib/action_dispatch/middleware/show_exceptions.rb:31:in `call'
vendor/bundle/ruby/2.3.0/gems/railties-5.0.7/lib/rails/rack/logger.rb:36:in `call_app'
vendor/bundle/ruby/2.3.0/gems/railties-5.0.7/lib/rails/rack/logger.rb:24:in `block in call'
vendor/bundle/ruby/2.3.0/gems/activesupport-5.0.7/lib/active_support/tagged_logging.rb:69:in `block in tagged'
vendor/bundle/ruby/2.3.0/gems/activesupport-5.0.7/lib/active_support/tagged_logging.rb:26:in `tagged'
vendor/bundle/ruby/2.3.0/gems/activesupport-5.0.7/lib/active_support/tagged_logging.rb:69:in `tagged'
vendor/bundle/ruby/2.3.0/gems/railties-5.0.7/lib/rails/rack/logger.rb:24:in `call'
vendor/bundle/ruby/2.3.0/gems/sprockets-rails-3.2.1/lib/sprockets/rails/quiet_assets.rb:13:in `call'
vendor/bundle/ruby/2.3.0/gems/actionpack-5.0.7/lib/action_dispatch/middleware/request_id.rb:24:in `call'
vendor/bundle/ruby/2.3.0/gems/rack-2.0.5/lib/rack/method_override.rb:22:in `call'
vendor/bundle/ruby/2.3.0/gems/rack-2.0.5/lib/rack/runtime.rb:22:in `call'
vendor/bundle/ruby/2.3.0/gems/activesupport-5.0.7/lib/active_support/cache/strategy/local_cache_middleware.rb:28:in `call'
vendor/bundle/ruby/2.3.0/gems/actionpack-5.0.7/lib/action_dispatch/middleware/executor.rb:12:in `call'
vendor/bundle/ruby/2.3.0/gems/actionpack-5.0.7/lib/action_dispatch/middleware/static.rb:136:in `call'
vendor/bundle/ruby/2.3.0/gems/rack-2.0.5/lib/rack/sendfile.rb:111:in `call'
vendor/bundle/ruby/2.3.0/gems/railties-5.0.7/lib/rails/engine.rb:522:in `call'
vendor/bundle/ruby/2.3.0/gems/puma-3.12.0/lib/puma/configuration.rb:225:in `call'
vendor/bundle/ruby/2.3.0/gems/puma-3.12.0/lib/puma/server.rb:658:in `handle_request'
vendor/bundle/ruby/2.3.0/gems/puma-3.12.0/lib/puma/server.rb:472:in `process_client'
vendor/bundle/ruby/2.3.0/gems/puma-3.12.0/lib/puma/server.rb:332:in `block in run'
vendor/bundle/ruby/2.3.0/gems/puma-3.12.0/lib/puma/thread_pool.rb:133:in `block in spawn_thread'
  Rendering vendor/bundle/ruby/2.3.0/gems/actionpack-5.0.7/lib/action_dispatch/middleware/templates/rescues/routing_error.html.erb within rescues/layout
  Rendering vendor/bundle/ruby/2.3.0/gems/actionpack-5.0.7/lib/action_dispatch/middleware/templates/rescues/_trace.html.erb
  Rendered vendor/bundle/ruby/2.3.0/gems/actionpack-5.0.7/lib/action_dispatch/middleware/templates/rescues/_trace.html.erb (2.0ms)
  Rendered vendor/bundle/ruby/2.3.0/gems/actionpack-5.0.7/lib/action_dispatch/middleware/templates/routes/_table.html.erb (2.0ms)
  Rendering vendor/bundle/ruby/2.3.0/gems/actionpack-5.0.7/lib/action_dispatch/middleware/templates/rescues/_request_and_response.html.erb
  Rendered vendor/bundle/ruby/2.3.0/gems/actionpack-5.0.7/lib/action_dispatch/middleware/templates/rescues/_request_and_response.html.erb (1.3ms)
  Rendered vendor/bundle/ruby/2.3.0/gems/actionpack-5.0.7/lib/action_dispatch/middleware/templates/rescues/routing_error.html.erb within rescues/layout (346.7ms)
Started GET "/" for 127.0.0.1 at 2018-09-18 15:30:05 +0900
Processing by Rails::WelcomeController#index as HTML
  Parameters: {"internal"=>true}
  Rendering vendor/bundle/ruby/2.3.0/gems/railties-5.0.7/lib/rails/templates/rails/welcome/index.html.erb
  Rendered vendor/bundle/ruby/2.3.0/gems/railties-5.0.7/lib/rails/templates/rails/welcome/index.html.erb (4.5ms)
Completed 200 OK in 19ms (Views: 11.3ms | ActiveRecord: 0.0ms)


Started GET "/" for 127.0.0.1 at 2018-09-18 15:53:00 +0900
  
ActionController::RoutingError (undefined local variable or method `class　HomeController' for main:Object):
  
app/controllers/home_controller.rb:1:in `<top (required)>'
  Rendering vendor/bundle/ruby/2.3.0/gems/actionpack-5.0.7/lib/action_dispatch/middleware/templates/rescues/routing_error.html.erb within rescues/layout
  Rendering vendor/bundle/ruby/2.3.0/gems/actionpack-5.0.7/lib/action_dispatch/middleware/templates/rescues/_trace.html.erb
  Rendered vendor/bundle/ruby/2.3.0/gems/actionpack-5.0.7/lib/action_dispatch/middleware/templates/rescues/_trace.html.erb (2.8ms)
  Rendered collection of vendor/bundle/ruby/2.3.0/gems/actionpack-5.0.7/lib/action_dispatch/middleware/templates/routes/_route.html.erb [1 times] (16.4ms)
  Rendered vendor/bundle/ruby/2.3.0/gems/actionpack-5.0.7/lib/action_dispatch/middleware/templates/routes/_table.html.erb (1.9ms)
  Rendering vendor/bundle/ruby/2.3.0/gems/actionpack-5.0.7/lib/action_dispatch/middleware/templates/rescues/_request_and_response.html.erb
  Rendered vendor/bundle/ruby/2.3.0/gems/actionpack-5.0.7/lib/action_dispatch/middleware/templates/rescues/_request_and_response.html.erb (20.5ms)
  Rendered vendor/bundle/ruby/2.3.0/gems/actionpack-5.0.7/lib/action_dispatch/middleware/templates/rescues/routing_error.html.erb within rescues/layout (306.3ms)
Started GET "/" for 127.0.0.1 at 2018-09-18 15:54:44 +0900
  
ActionController::RoutingError (undefined local variable or method `class　HomeController' for main:Object):
  
app/controllers/home_controller.rb:1:in `<top (required)>'
  Rendering vendor/bundle/ruby/2.3.0/gems/actionpack-5.0.7/lib/action_dispatch/middleware/templates/rescues/routing_error.html.erb within rescues/layout
  Rendering vendor/bundle/ruby/2.3.0/gems/actionpack-5.0.7/lib/action_dispatch/middleware/templates/rescues/_trace.html.erb
  Rendered vendor/bundle/ruby/2.3.0/gems/actionpack-5.0.7/lib/action_dispatch/middleware/templates/rescues/_trace.html.erb (7.4ms)
  Rendered collection of vendor/bundle/ruby/2.3.0/gems/actionpack-5.0.7/lib/action_dispatch/middleware/templates/routes/_route.html.erb [1 times] (4.4ms)
  Rendered vendor/bundle/ruby/2.3.0/gems/actionpack-5.0.7/lib/action_dispatch/middleware/templates/routes/_table.html.erb (2.4ms)
  Rendering vendor/bundle/ruby/2.3.0/gems/actionpack-5.0.7/lib/action_dispatch/middleware/templates/rescues/_request_and_response.html.erb
  Rendered vendor/bundle/ruby/2.3.0/gems/actionpack-5.0.7/lib/action_dispatch/middleware/templates/rescues/_request_and_response.html.erb (5.8ms)
  Rendered vendor/bundle/ruby/2.3.0/gems/actionpack-5.0.7/lib/action_dispatch/middleware/templates/rescues/routing_error.html.erb within rescues/layout (195.3ms)
Started GET "/" for 127.0.0.1 at 2018-09-18 15:54:52 +0900
  
ActionController::RoutingError (undefined local variable or method `class　HomeController' for main:Object):
  
app/controllers/home_controller.rb:1:in `<top (required)>'
  Rendering vendor/bundle/ruby/2.3.0/gems/actionpack-5.0.7/lib/action_dispatch/middleware/templates/rescues/routing_error.html.erb within rescues/layout
  Rendering vendor/bundle/ruby/2.3.0/gems/actionpack-5.0.7/lib/action_dispatch/middleware/templates/rescues/_trace.html.erb
  Rendered vendor/bundle/ruby/2.3.0/gems/actionpack-5.0.7/lib/action_dispatch/middleware/templates/rescues/_trace.html.erb (2.0ms)
  Rendered collection of vendor/bundle/ruby/2.3.0/gems/actionpack-5.0.7/lib/action_dispatch/middleware/templates/routes/_route.html.erb [1 times] (1.2ms)
  Rendered vendor/bundle/ruby/2.3.0/gems/actionpack-5.0.7/lib/action_dispatch/middleware/templates/routes/_table.html.erb (1.2ms)
  Rendering vendor/bundle/ruby/2.3.0/gems/actionpack-5.0.7/lib/action_dispatch/middleware/templates/rescues/_request_and_response.html.erb
  Rendered vendor/bundle/ruby/2.3.0/gems/actionpack-5.0.7/lib/action_dispatch/middleware/templates/rescues/_request_and_response.html.erb (1.3ms)
  Rendered vendor/bundle/ruby/2.3.0/gems/actionpack-5.0.7/lib/action_dispatch/middleware/templates/rescues/routing_error.html.erb within rescues/layout (274.5ms)
Started GET "/" for 127.0.0.1 at 2018-09-18 15:55:23 +0900
  
ActionController::RoutingError (undefined local variable or method `class　HomeController' for main:Object):
  
app/controllers/home_controller.rb:1:in `<top (required)>'
  Rendering vendor/bundle/ruby/2.3.0/gems/actionpack-5.0.7/lib/action_dispatch/middleware/templates/rescues/routing_error.html.erb within rescues/layout
  Rendering vendor/bundle/ruby/2.3.0/gems/actionpack-5.0.7/lib/action_dispatch/middleware/templates/rescues/_trace.html.erb
  Rendered vendor/bundle/ruby/2.3.0/gems/actionpack-5.0.7/lib/action_dispatch/middleware/templates/rescues/_trace.html.erb (2.1ms)
  Rendered collection of vendor/bundle/ruby/2.3.0/gems/actionpack-5.0.7/lib/action_dispatch/middleware/templates/routes/_route.html.erb [1 times] (1.0ms)
  Rendered vendor/bundle/ruby/2.3.0/gems/actionpack-5.0.7/lib/action_dispatch/middleware/templates/routes/_table.html.erb (1.2ms)
  Rendering vendor/bundle/ruby/2.3.0/gems/actionpack-5.0.7/lib/action_dispatch/middleware/templates/rescues/_request_and_response.html.erb
  Rendered vendor/bundle/ruby/2.3.0/gems/actionpack-5.0.7/lib/action_dispatch/middleware/templates/rescues/_request_and_response.html.erb (1.3ms)
  Rendered vendor/bundle/ruby/2.3.0/gems/actionpack-5.0.7/lib/action_dispatch/middleware/templates/rescues/routing_error.html.erb within rescues/layout (190.8ms)
Started GET "/" for 127.0.0.1 at 2018-09-18 15:55:57 +0900
  
SyntaxError (/Users/tsutsumihisayoshi/Desktop/app_saikoro/sugoroku/app/controllers/home_controller.rb:4: syntax error, unexpected keyword_end, expecting end-of-input):
  
app/controllers/home_controller.rb:4: syntax error, unexpected keyword_end, expecting end-of-input
  Rendering vendor/bundle/ruby/2.3.0/gems/actionpack-5.0.7/lib/action_dispatch/middleware/templates/rescues/diagnostics.html.erb within rescues/layout
  Rendering vendor/bundle/ruby/2.3.0/gems/actionpack-5.0.7/lib/action_dispatch/middleware/templates/rescues/_source.html.erb
  Rendered vendor/bundle/ruby/2.3.0/gems/actionpack-5.0.7/lib/action_dispatch/middleware/templates/rescues/_source.html.erb (3.5ms)
  Rendering vendor/bundle/ruby/2.3.0/gems/actionpack-5.0.7/lib/action_dispatch/middleware/templates/rescues/_trace.html.erb
  Rendered vendor/bundle/ruby/2.3.0/gems/actionpack-5.0.7/lib/action_dispatch/middleware/templates/rescues/_trace.html.erb (1.9ms)
  Rendering vendor/bundle/ruby/2.3.0/gems/actionpack-5.0.7/lib/action_dispatch/middleware/templates/rescues/_request_and_response.html.erb
  Rendered vendor/bundle/ruby/2.3.0/gems/actionpack-5.0.7/lib/action_dispatch/middleware/templates/rescues/_request_and_response.html.erb (3.2ms)
  Rendered vendor/bundle/ruby/2.3.0/gems/actionpack-5.0.7/lib/action_dispatch/middleware/templates/rescues/diagnostics.html.erb within rescues/layout (162.2ms)
Started GET "/" for 127.0.0.1 at 2018-09-18 15:57:02 +0900
  
SyntaxError (/Users/tsutsumihisayoshi/Desktop/app_saikoro/sugoroku/app/controllers/home_controller.rb:4: syntax error, unexpected keyword_end, expecting end-of-input):
  
app/controllers/home_controller.rb:4: syntax error, unexpected keyword_end, expecting end-of-input
  Rendering vendor/bundle/ruby/2.3.0/gems/actionpack-5.0.7/lib/action_dispatch/middleware/templates/rescues/diagnostics.html.erb within rescues/layout
  Rendering vendor/bundle/ruby/2.3.0/gems/actionpack-5.0.7/lib/action_dispatch/middleware/templates/rescues/_source.html.erb
  Rendered vendor/bundle/ruby/2.3.0/gems/actionpack-5.0.7/lib/action_dispatch/middleware/templates/rescues/_source.html.erb (3.7ms)
  Rendering vendor/bundle/ruby/2.3.0/gems/actionpack-5.0.7/lib/action_dispatch/middleware/templates/rescues/_trace.html.erb
  Rendered vendor/bundle/ruby/2.3.0/gems/actionpack-5.0.7/lib/action_dispatch/middleware/templates/rescues/_trace.html.erb (4.2ms)
  Rendering vendor/bundle/ruby/2.3.0/gems/actionpack-5.0.7/lib/action_dispatch/middleware/templates/rescues/_request_and_response.html.erb
  Rendered vendor/bundle/ruby/2.3.0/gems/actionpack-5.0.7/lib/action_dispatch/middleware/templates/rescues/_request_and_response.html.erb (1.8ms)
  Rendered vendor/bundle/ruby/2.3.0/gems/actionpack-5.0.7/lib/action_dispatch/middleware/templates/rescues/diagnostics.html.erb within rescues/layout (143.7ms)
Started GET "/" for 127.0.0.1 at 2018-09-18 16:00:05 +0900
  
SyntaxError (/Users/tsutsumihisayoshi/Desktop/app_saikoro/sugoroku/app/controllers/home_controller.rb:4: syntax error, unexpected keyword_end, expecting end-of-input):
  
app/controllers/home_controller.rb:4: syntax error, unexpected keyword_end, expecting end-of-input
  Rendering vendor/bundle/ruby/2.3.0/gems/actionpack-5.0.7/lib/action_dispatch/middleware/templates/rescues/diagnostics.html.erb within rescues/layout
  Rendering vendor/bundle/ruby/2.3.0/gems/actionpack-5.0.7/lib/action_dispatch/middleware/templates/rescues/_source.html.erb
  Rendered vendor/bundle/ruby/2.3.0/gems/actionpack-5.0.7/lib/action_dispatch/middleware/templates/rescues/_source.html.erb (3.4ms)
  Rendering vendor/bundle/ruby/2.3.0/gems/actionpack-5.0.7/lib/action_dispatch/middleware/templates/rescues/_trace.html.erb
  Rendered vendor/bundle/ruby/2.3.0/gems/actionpack-5.0.7/lib/action_dispatch/middleware/templates/rescues/_trace.html.erb (1.8ms)
  Rendering vendor/bundle/ruby/2.3.0/gems/actionpack-5.0.7/lib/action_dispatch/middleware/templates/rescues/_request_and_response.html.erb
  Rendered vendor/bundle/ruby/2.3.0/gems/actionpack-5.0.7/lib/action_dispatch/middleware/templates/rescues/_request_and_response.html.erb (1.8ms)
  Rendered vendor/bundle/ruby/2.3.0/gems/actionpack-5.0.7/lib/action_dispatch/middleware/templates/rescues/diagnostics.html.erb within rescues/layout (140.7ms)
Started GET "/" for 127.0.0.1 at 2018-09-18 16:01:39 +0900
  
SyntaxError (/Users/tsutsumihisayoshi/Desktop/app_saikoro/sugoroku/app/controllers/home_controller.rb:4: syntax error, unexpected keyword_end, expecting end-of-input):
  
app/controllers/home_controller.rb:4: syntax error, unexpected keyword_end, expecting end-of-input
  Rendering vendor/bundle/ruby/2.3.0/gems/actionpack-5.0.7/lib/action_dispatch/middleware/templates/rescues/diagnostics.html.erb within rescues/layout
  Rendering vendor/bundle/ruby/2.3.0/gems/actionpack-5.0.7/lib/action_dispatch/middleware/templates/rescues/_source.html.erb
  Rendered vendor/bundle/ruby/2.3.0/gems/actionpack-5.0.7/lib/action_dispatch/middleware/templates/rescues/_source.html.erb (3.4ms)
  Rendering vendor/bundle/ruby/2.3.0/gems/actionpack-5.0.7/lib/action_dispatch/middleware/templates/rescues/_trace.html.erb
  Rendered vendor/bundle/ruby/2.3.0/gems/actionpack-5.0.7/lib/action_dispatch/middleware/templates/rescues/_trace.html.erb (1.9ms)
  Rendering vendor/bundle/ruby/2.3.0/gems/actionpack-5.0.7/lib/action_dispatch/middleware/templates/rescues/_request_and_response.html.erb
  Rendered vendor/bundle/ruby/2.3.0/gems/actionpack-5.0.7/lib/action_dispatch/middleware/templates/rescues/_request_and_response.html.erb (1.8ms)
  Rendered vendor/bundle/ruby/2.3.0/gems/actionpack-5.0.7/lib/action_dispatch/middleware/templates/rescues/diagnostics.html.erb within rescues/layout (142.2ms)
Started GET "/" for 127.0.0.1 at 2018-09-18 16:01:41 +0900
  
SyntaxError (/Users/tsutsumihisayoshi/Desktop/app_saikoro/sugoroku/app/controllers/home_controller.rb:4: syntax error, unexpected keyword_end, expecting end-of-input):
  
app/controllers/home_controller.rb:4: syntax error, unexpected keyword_end, expecting end-of-input
  Rendering vendor/bundle/ruby/2.3.0/gems/actionpack-5.0.7/lib/action_dispatch/middleware/templates/rescues/diagnostics.html.erb within rescues/layout
  Rendering vendor/bundle/ruby/2.3.0/gems/actionpack-5.0.7/lib/action_dispatch/middleware/templates/rescues/_source.html.erb
  Rendered vendor/bundle/ruby/2.3.0/gems/actionpack-5.0.7/lib/action_dispatch/middleware/templates/rescues/_source.html.erb (4.6ms)
  Rendering vendor/bundle/ruby/2.3.0/gems/actionpack-5.0.7/lib/action_dispatch/middleware/templates/rescues/_trace.html.erb
  Rendered vendor/bundle/ruby/2.3.0/gems/actionpack-5.0.7/lib/action_dispatch/middleware/templates/rescues/_trace.html.erb (1.6ms)
  Rendering vendor/bundle/ruby/2.3.0/gems/actionpack-5.0.7/lib/action_dispatch/middleware/templates/rescues/_request_and_response.html.erb
  Rendered vendor/bundle/ruby/2.3.0/gems/actionpack-5.0.7/lib/action_dispatch/middleware/templates/rescues/_request_and_response.html.erb (1.2ms)
  Rendered vendor/bundle/ruby/2.3.0/gems/actionpack-5.0.7/lib/action_dispatch/middleware/templates/rescues/diagnostics.html.erb within rescues/layout (136.6ms)
Started GET "/" for 127.0.0.1 at 2018-09-18 16:01:50 +0900
  
ActionController::RoutingError (undefined local variable or method `class　HomeController' for main:Object):
  
app/controllers/home_controller.rb:1:in `<top (required)>'
  Rendering vendor/bundle/ruby/2.3.0/gems/actionpack-5.0.7/lib/action_dispatch/middleware/templates/rescues/routing_error.html.erb within rescues/layout
  Rendering vendor/bundle/ruby/2.3.0/gems/actionpack-5.0.7/lib/action_dispatch/middleware/templates/rescues/_trace.html.erb
  Rendered vendor/bundle/ruby/2.3.0/gems/actionpack-5.0.7/lib/action_dispatch/middleware/templates/rescues/_trace.html.erb (1.5ms)
  Rendered collection of vendor/bundle/ruby/2.3.0/gems/actionpack-5.0.7/lib/action_dispatch/middleware/templates/routes/_route.html.erb [1 times] (2.9ms)
  Rendered vendor/bundle/ruby/2.3.0/gems/actionpack-5.0.7/lib/action_dispatch/middleware/templates/routes/_table.html.erb (1.8ms)
  Rendering vendor/bundle/ruby/2.3.0/gems/actionpack-5.0.7/lib/action_dispatch/middleware/templates/rescues/_request_and_response.html.erb
  Rendered vendor/bundle/ruby/2.3.0/gems/actionpack-5.0.7/lib/action_dispatch/middleware/templates/rescues/_request_and_response.html.erb (1.0ms)
  Rendered vendor/bundle/ruby/2.3.0/gems/actionpack-5.0.7/lib/action_dispatch/middleware/templates/rescues/routing_error.html.erb within rescues/layout (192.3ms)
Started GET "/" for 127.0.0.1 at 2018-09-18 16:05:15 +0900
  
SyntaxError (/Users/tsutsumihisayoshi/Desktop/app_saikoro/sugoroku/app/controllers/home_controller.rb:4: syntax error, unexpected keyword_end, expecting end-of-input):
  
app/controllers/home_controller.rb:4: syntax error, unexpected keyword_end, expecting end-of-input
  Rendering vendor/bundle/ruby/2.3.0/gems/actionpack-5.0.7/lib/action_dispatch/middleware/templates/rescues/diagnostics.html.erb within rescues/layout
  Rendering vendor/bundle/ruby/2.3.0/gems/actionpack-5.0.7/lib/action_dispatch/middleware/templates/rescues/_source.html.erb
  Rendered vendor/bundle/ruby/2.3.0/gems/actionpack-5.0.7/lib/action_dispatch/middleware/templates/rescues/_source.html.erb (4.6ms)
  Rendering vendor/bundle/ruby/2.3.0/gems/actionpack-5.0.7/lib/action_dispatch/middleware/templates/rescues/_trace.html.erb
  Rendered vendor/bundle/ruby/2.3.0/gems/actionpack-5.0.7/lib/action_dispatch/middleware/templates/rescues/_trace.html.erb (1.9ms)
  Rendering vendor/bundle/ruby/2.3.0/gems/actionpack-5.0.7/lib/action_dispatch/middleware/templates/rescues/_request_and_response.html.erb
  Rendered vendor/bundle/ruby/2.3.0/gems/actionpack-5.0.7/lib/action_dispatch/middleware/templates/rescues/_request_and_response.html.erb (2.3ms)
  Rendered vendor/bundle/ruby/2.3.0/gems/actionpack-5.0.7/lib/action_dispatch/middleware/templates/rescues/diagnostics.html.erb within rescues/layout (140.0ms)
Started GET "/" for 127.0.0.1 at 2018-09-18 16:11:44 +0900
  
SyntaxError (/Users/tsutsumihisayoshi/Desktop/app_saikoro/sugoroku/app/controllers/home_controller.rb:4: syntax error, unexpected keyword_end, expecting end-of-input):
  
app/controllers/home_controller.rb:4: syntax error, unexpected keyword_end, expecting end-of-input
  Rendering vendor/bundle/ruby/2.3.0/gems/actionpack-5.0.7/lib/action_dispatch/middleware/templates/rescues/diagnostics.html.erb within rescues/layout
  Rendering vendor/bundle/ruby/2.3.0/gems/actionpack-5.0.7/lib/action_dispatch/middleware/templates/rescues/_source.html.erb
  Rendered vendor/bundle/ruby/2.3.0/gems/actionpack-5.0.7/lib/action_dispatch/middleware/templates/rescues/_source.html.erb (6.9ms)
  Rendering vendor/bundle/ruby/2.3.0/gems/actionpack-5.0.7/lib/action_dispatch/middleware/templates/rescues/_trace.html.erb
  Rendered vendor/bundle/ruby/2.3.0/gems/actionpack-5.0.7/lib/action_dispatch/middleware/templates/rescues/_trace.html.erb (2.0ms)
  Rendering vendor/bundle/ruby/2.3.0/gems/actionpack-5.0.7/lib/action_dispatch/middleware/templates/rescues/_request_and_response.html.erb
  Rendered vendor/bundle/ruby/2.3.0/gems/actionpack-5.0.7/lib/action_dispatch/middleware/templates/rescues/_request_and_response.html.erb (2.2ms)
  Rendered vendor/bundle/ruby/2.3.0/gems/actionpack-5.0.7/lib/action_dispatch/middleware/templates/rescues/diagnostics.html.erb within rescues/layout (148.6ms)
Started GET "/" for 127.0.0.1 at 2018-09-18 16:11:47 +0900
  
SyntaxError (/Users/tsutsumihisayoshi/Desktop/app_saikoro/sugoroku/app/controllers/home_controller.rb:4: syntax error, unexpected keyword_end, expecting end-of-input):
  
app/controllers/home_controller.rb:4: syntax error, unexpected keyword_end, expecting end-of-input
  Rendering vendor/bundle/ruby/2.3.0/gems/actionpack-5.0.7/lib/action_dispatch/middleware/templates/rescues/diagnostics.html.erb within rescues/layout
  Rendering vendor/bundle/ruby/2.3.0/gems/actionpack-5.0.7/lib/action_dispatch/middleware/templates/rescues/_source.html.erb
  Rendered vendor/bundle/ruby/2.3.0/gems/actionpack-5.0.7/lib/action_dispatch/middleware/templates/rescues/_source.html.erb (2.6ms)
  Rendering vendor/bundle/ruby/2.3.0/gems/actionpack-5.0.7/lib/action_dispatch/middleware/templates/rescues/_trace.html.erb
  Rendered vendor/bundle/ruby/2.3.0/gems/actionpack-5.0.7/lib/action_dispatch/middleware/templates/rescues/_trace.html.erb (1.5ms)
  Rendering vendor/bundle/ruby/2.3.0/gems/actionpack-5.0.7/lib/action_dispatch/middleware/templates/rescues/_request_and_response.html.erb
  Rendered vendor/bundle/ruby/2.3.0/gems/actionpack-5.0.7/lib/action_dispatch/middleware/templates/rescues/_request_and_response.html.erb (1.0ms)
  Rendered vendor/bundle/ruby/2.3.0/gems/actionpack-5.0.7/lib/action_dispatch/middleware/templates/rescues/diagnostics.html.erb within rescues/layout (176.8ms)
Started GET "/" for 127.0.0.1 at 2018-09-18 16:15:11 +0900
  
ActionController::RoutingError (uninitialized constant HomeController):
  
vendor/bundle/ruby/2.3.0/gems/activesupport-5.0.7/lib/active_support/inflector/methods.rb:268:in `const_get'
vendor/bundle/ruby/2.3.0/gems/activesupport-5.0.7/lib/active_support/inflector/methods.rb:268:in `block in constantize'
vendor/bundle/ruby/2.3.0/gems/activesupport-5.0.7/lib/active_support/inflector/methods.rb:266:in `each'
vendor/bundle/ruby/2.3.0/gems/activesupport-5.0.7/lib/active_support/inflector/methods.rb:266:in `inject'
vendor/bundle/ruby/2.3.0/gems/activesupport-5.0.7/lib/active_support/inflector/methods.rb:266:in `constantize'
vendor/bundle/ruby/2.3.0/gems/actionpack-5.0.7/lib/action_dispatch/http/request.rb:81:in `controller_class'
vendor/bundle/ruby/2.3.0/gems/actionpack-5.0.7/lib/action_dispatch/routing/route_set.rb:44:in `controller'
vendor/bundle/ruby/2.3.0/gems/actionpack-5.0.7/lib/action_dispatch/routing/route_set.rb:30:in `serve'
vendor/bundle/ruby/2.3.0/gems/actionpack-5.0.7/lib/action_dispatch/journey/router.rb:39:in `block in serve'
vendor/bundle/ruby/2.3.0/gems/actionpack-5.0.7/lib/action_dispatch/journey/router.rb:26:in `each'
vendor/bundle/ruby/2.3.0/gems/actionpack-5.0.7/lib/action_dispatch/journey/router.rb:26:in `serve'
vendor/bundle/ruby/2.3.0/gems/actionpack-5.0.7/lib/action_dispatch/routing/route_set.rb:727:in `call'
vendor/bundle/ruby/2.3.0/gems/rack-2.0.5/lib/rack/etag.rb:25:in `call'
vendor/bundle/ruby/2.3.0/gems/rack-2.0.5/lib/rack/conditional_get.rb:25:in `call'
vendor/bundle/ruby/2.3.0/gems/rack-2.0.5/lib/rack/head.rb:12:in `call'
vendor/bundle/ruby/2.3.0/gems/rack-2.0.5/lib/rack/session/abstract/id.rb:232:in `context'
vendor/bundle/ruby/2.3.0/gems/rack-2.0.5/lib/rack/session/abstract/id.rb:226:in `call'
vendor/bundle/ruby/2.3.0/gems/actionpack-5.0.7/lib/action_dispatch/middleware/cookies.rb:613:in `call'
vendor/bundle/ruby/2.3.0/gems/activerecord-5.0.7/lib/active_record/migration.rb:553:in `call'
vendor/bundle/ruby/2.3.0/gems/actionpack-5.0.7/lib/action_dispatch/middleware/callbacks.rb:38:in `block in call'
vendor/bundle/ruby/2.3.0/gems/activesupport-5.0.7/lib/active_support/callbacks.rb:97:in `__run_callbacks__'
vendor/bundle/ruby/2.3.0/gems/activesupport-5.0.7/lib/active_support/callbacks.rb:750:in `_run_call_callbacks'
vendor/bundle/ruby/2.3.0/gems/activesupport-5.0.7/lib/active_support/callbacks.rb:90:in `run_callbacks'
vendor/bundle/ruby/2.3.0/gems/actionpack-5.0.7/lib/action_dispatch/middleware/callbacks.rb:36:in `call'
vendor/bundle/ruby/2.3.0/gems/actionpack-5.0.7/lib/action_dispatch/middleware/executor.rb:12:in `call'
vendor/bundle/ruby/2.3.0/gems/actionpack-5.0.7/lib/action_dispatch/middleware/remote_ip.rb:79:in `call'
vendor/bundle/ruby/2.3.0/gems/actionpack-5.0.7/lib/action_dispatch/middleware/debug_exceptions.rb:49:in `call'
vendor/bundle/ruby/2.3.0/gems/web-console-3.7.0/lib/web_console/middleware.rb:135:in `call_app'
vendor/bundle/ruby/2.3.0/gems/web-console-3.7.0/lib/web_console/middleware.rb:30:in `block in call'
vendor/bundle/ruby/2.3.0/gems/web-console-3.7.0/lib/web_console/middleware.rb:20:in `catch'
vendor/bundle/ruby/2.3.0/gems/web-console-3.7.0/lib/web_console/middleware.rb:20:in `call'
vendor/bundle/ruby/2.3.0/gems/actionpack-5.0.7/lib/action_dispatch/middleware/show_exceptions.rb:31:in `call'
vendor/bundle/ruby/2.3.0/gems/railties-5.0.7/lib/rails/rack/logger.rb:36:in `call_app'
vendor/bundle/ruby/2.3.0/gems/railties-5.0.7/lib/rails/rack/logger.rb:24:in `block in call'
vendor/bundle/ruby/2.3.0/gems/activesupport-5.0.7/lib/active_support/tagged_logging.rb:69:in `block in tagged'
vendor/bundle/ruby/2.3.0/gems/activesupport-5.0.7/lib/active_support/tagged_logging.rb:26:in `tagged'
vendor/bundle/ruby/2.3.0/gems/activesupport-5.0.7/lib/active_support/tagged_logging.rb:69:in `tagged'
vendor/bundle/ruby/2.3.0/gems/railties-5.0.7/lib/rails/rack/logger.rb:24:in `call'
vendor/bundle/ruby/2.3.0/gems/sprockets-rails-3.2.1/lib/sprockets/rails/quiet_assets.rb:13:in `call'
vendor/bundle/ruby/2.3.0/gems/actionpack-5.0.7/lib/action_dispatch/middleware/request_id.rb:24:in `call'
vendor/bundle/ruby/2.3.0/gems/rack-2.0.5/lib/rack/method_override.rb:22:in `call'
vendor/bundle/ruby/2.3.0/gems/rack-2.0.5/lib/rack/runtime.rb:22:in `call'
vendor/bundle/ruby/2.3.0/gems/activesupport-5.0.7/lib/active_support/cache/strategy/local_cache_middleware.rb:28:in `call'
vendor/bundle/ruby/2.3.0/gems/actionpack-5.0.7/lib/action_dispatch/middleware/executor.rb:12:in `call'
vendor/bundle/ruby/2.3.0/gems/actionpack-5.0.7/lib/action_dispatch/middleware/static.rb:136:in `call'
vendor/bundle/ruby/2.3.0/gems/rack-2.0.5/lib/rack/sendfile.rb:111:in `call'
vendor/bundle/ruby/2.3.0/gems/railties-5.0.7/lib/rails/engine.rb:522:in `call'
vendor/bundle/ruby/2.3.0/gems/puma-3.12.0/lib/puma/configuration.rb:225:in `call'
vendor/bundle/ruby/2.3.0/gems/puma-3.12.0/lib/puma/server.rb:658:in `handle_request'
vendor/bundle/ruby/2.3.0/gems/puma-3.12.0/lib/puma/server.rb:472:in `process_client'
vendor/bundle/ruby/2.3.0/gems/puma-3.12.0/lib/puma/server.rb:332:in `block in run'
vendor/bundle/ruby/2.3.0/gems/puma-3.12.0/lib/puma/thread_pool.rb:133:in `block in spawn_thread'
  Rendering vendor/bundle/ruby/2.3.0/gems/actionpack-5.0.7/lib/action_dispatch/middleware/templates/rescues/routing_error.html.erb within rescues/layout
  Rendering vendor/bundle/ruby/2.3.0/gems/actionpack-5.0.7/lib/action_dispatch/middleware/templates/rescues/_trace.html.erb
  Rendered vendor/bundle/ruby/2.3.0/gems/actionpack-5.0.7/lib/action_dispatch/middleware/templates/rescues/_trace.html.erb (4.0ms)
  Rendered collection of vendor/bundle/ruby/2.3.0/gems/actionpack-5.0.7/lib/action_dispatch/middleware/templates/routes/_route.html.erb [1 times] (4.2ms)
  Rendered vendor/bundle/ruby/2.3.0/gems/actionpack-5.0.7/lib/action_dispatch/middleware/templates/routes/_table.html.erb (2.5ms)
  Rendering vendor/bundle/ruby/2.3.0/gems/actionpack-5.0.7/lib/action_dispatch/middleware/templates/rescues/_request_and_response.html.erb
  Rendered vendor/bundle/ruby/2.3.0/gems/actionpack-5.0.7/lib/action_dispatch/middleware/templates/rescues/_request_and_response.html.erb (2.3ms)
  Rendered vendor/bundle/ruby/2.3.0/gems/actionpack-5.0.7/lib/action_dispatch/middleware/templates/rescues/routing_error.html.erb within rescues/layout (195.2ms)
Started GET "/" for 127.0.0.1 at 2018-09-18 16:18:14 +0900
  
ActionController::RoutingError (uninitialized constant AppricationController):
  
app/controllers/home_controller.rb:1:in `<top (required)>'
  Rendering vendor/bundle/ruby/2.3.0/gems/actionpack-5.0.7/lib/action_dispatch/middleware/templates/rescues/routing_error.html.erb within rescues/layout
  Rendering vendor/bundle/ruby/2.3.0/gems/actionpack-5.0.7/lib/action_dispatch/middleware/templates/rescues/_trace.html.erb
  Rendered vendor/bundle/ruby/2.3.0/gems/actionpack-5.0.7/lib/action_dispatch/middleware/templates/rescues/_trace.html.erb (1.9ms)
  Rendered collection of vendor/bundle/ruby/2.3.0/gems/actionpack-5.0.7/lib/action_dispatch/middleware/templates/routes/_route.html.erb [1 times] (1.5ms)
  Rendered vendor/bundle/ruby/2.3.0/gems/actionpack-5.0.7/lib/action_dispatch/middleware/templates/routes/_table.html.erb (1.7ms)
  Rendering vendor/bundle/ruby/2.3.0/gems/actionpack-5.0.7/lib/action_dispatch/middleware/templates/rescues/_request_and_response.html.erb
  Rendered vendor/bundle/ruby/2.3.0/gems/actionpack-5.0.7/lib/action_dispatch/middleware/templates/rescues/_request_and_response.html.erb (1.3ms)
  Rendered vendor/bundle/ruby/2.3.0/gems/actionpack-5.0.7/lib/action_dispatch/middleware/templates/rescues/routing_error.html.erb within rescues/layout (179.5ms)
Started GET "/" for 127.0.0.1 at 2018-09-18 16:18:18 +0900
  
ActionController::RoutingError (uninitialized constant AppricationController):
  
app/controllers/home_controller.rb:1:in `<top (required)>'
  Rendering vendor/bundle/ruby/2.3.0/gems/actionpack-5.0.7/lib/action_dispatch/middleware/templates/rescues/routing_error.html.erb within rescues/layout
  Rendering vendor/bundle/ruby/2.3.0/gems/actionpack-5.0.7/lib/action_dispatch/middleware/templates/rescues/_trace.html.erb
  Rendered vendor/bundle/ruby/2.3.0/gems/actionpack-5.0.7/lib/action_dispatch/middleware/templates/rescues/_trace.html.erb (1.5ms)
  Rendered collection of vendor/bundle/ruby/2.3.0/gems/actionpack-5.0.7/lib/action_dispatch/middleware/templates/routes/_route.html.erb [1 times] (1.0ms)
  Rendered vendor/bundle/ruby/2.3.0/gems/actionpack-5.0.7/lib/action_dispatch/middleware/templates/routes/_table.html.erb (1.4ms)
  Rendering vendor/bundle/ruby/2.3.0/gems/actionpack-5.0.7/lib/action_dispatch/middleware/templates/rescues/_request_and_response.html.erb
  Rendered vendor/bundle/ruby/2.3.0/gems/actionpack-5.0.7/lib/action_dispatch/middleware/templates/rescues/_request_and_response.html.erb (1.3ms)
  Rendered vendor/bundle/ruby/2.3.0/gems/actionpack-5.0.7/lib/action_dispatch/middleware/templates/rescues/routing_error.html.erb within rescues/layout (175.3ms)
Started GET "/" for 127.0.0.1 at 2018-09-18 16:21:01 +0900
  
ActionController::RoutingError (uninitialized constant AppricationController):
  
app/controllers/home_controller.rb:1:in `<top (required)>'
  Rendering vendor/bundle/ruby/2.3.0/gems/actionpack-5.0.7/lib/action_dispatch/middleware/templates/rescues/routing_error.html.erb within rescues/layout
  Rendering vendor/bundle/ruby/2.3.0/gems/actionpack-5.0.7/lib/action_dispatch/middleware/templates/rescues/_trace.html.erb
  Rendered vendor/bundle/ruby/2.3.0/gems/actionpack-5.0.7/lib/action_dispatch/middleware/templates/rescues/_trace.html.erb (2.2ms)
  Rendered collection of vendor/bundle/ruby/2.3.0/gems/actionpack-5.0.7/lib/action_dispatch/middleware/templates/routes/_route.html.erb [1 times] (2.3ms)
  Rendered vendor/bundle/ruby/2.3.0/gems/actionpack-5.0.7/lib/action_dispatch/middleware/templates/routes/_table.html.erb (2.8ms)
  Rendering vendor/bundle/ruby/2.3.0/gems/actionpack-5.0.7/lib/action_dispatch/middleware/templates/rescues/_request_and_response.html.erb
  Rendered vendor/bundle/ruby/2.3.0/gems/actionpack-5.0.7/lib/action_dispatch/middleware/templates/rescues/_request_and_response.html.erb (2.5ms)
  Rendered vendor/bundle/ruby/2.3.0/gems/actionpack-5.0.7/lib/action_dispatch/middleware/templates/rescues/routing_error.html.erb within rescues/layout (196.1ms)
Started GET "/" for 127.0.0.1 at 2018-09-18 16:21:06 +0900
  
ActionController::RoutingError (uninitialized constant AppricationController):
  
app/controllers/home_controller.rb:1:in `<top (required)>'
  Rendering vendor/bundle/ruby/2.3.0/gems/actionpack-5.0.7/lib/action_dispatch/middleware/templates/rescues/routing_error.html.erb within rescues/layout
  Rendering vendor/bundle/ruby/2.3.0/gems/actionpack-5.0.7/lib/action_dispatch/middleware/templates/rescues/_trace.html.erb
  Rendered vendor/bundle/ruby/2.3.0/gems/actionpack-5.0.7/lib/action_dispatch/middleware/templates/rescues/_trace.html.erb (2.0ms)
  Rendered collection of vendor/bundle/ruby/2.3.0/gems/actionpack-5.0.7/lib/action_dispatch/middleware/templates/routes/_route.html.erb [1 times] (1.2ms)
  Rendered vendor/bundle/ruby/2.3.0/gems/actionpack-5.0.7/lib/action_dispatch/middleware/templates/routes/_table.html.erb (1.5ms)
  Rendering vendor/bundle/ruby/2.3.0/gems/actionpack-5.0.7/lib/action_dispatch/middleware/templates/rescues/_request_and_response.html.erb
  Rendered vendor/bundle/ruby/2.3.0/gems/actionpack-5.0.7/lib/action_dispatch/middleware/templates/rescues/_request_and_response.html.erb (1.5ms)
  Rendered vendor/bundle/ruby/2.3.0/gems/actionpack-5.0.7/lib/action_dispatch/middleware/templates/rescues/routing_error.html.erb within rescues/layout (174.2ms)
Started GET "/" for 127.0.0.1 at 2018-09-18 16:21:08 +0900
  
ActionController::RoutingError (uninitialized constant AppricationController):
  
app/controllers/home_controller.rb:1:in `<top (required)>'
  Rendering vendor/bundle/ruby/2.3.0/gems/actionpack-5.0.7/lib/action_dispatch/middleware/templates/rescues/routing_error.html.erb within rescues/layout
  Rendering vendor/bundle/ruby/2.3.0/gems/actionpack-5.0.7/lib/action_dispatch/middleware/templates/rescues/_trace.html.erb
  Rendered vendor/bundle/ruby/2.3.0/gems/actionpack-5.0.7/lib/action_dispatch/middleware/templates/rescues/_trace.html.erb (1.6ms)
  Rendered collection of vendor/bundle/ruby/2.3.0/gems/actionpack-5.0.7/lib/action_dispatch/middleware/templates/routes/_route.html.erb [1 times] (1.0ms)
  Rendered vendor/bundle/ruby/2.3.0/gems/actionpack-5.0.7/lib/action_dispatch/middleware/templates/routes/_table.html.erb (1.2ms)
  Rendering vendor/bundle/ruby/2.3.0/gems/actionpack-5.0.7/lib/action_dispatch/middleware/templates/rescues/_request_and_response.html.erb
  Rendered vendor/bundle/ruby/2.3.0/gems/actionpack-5.0.7/lib/action_dispatch/middleware/templates/rescues/_request_and_response.html.erb (1.1ms)
  Rendered vendor/bundle/ruby/2.3.0/gems/actionpack-5.0.7/lib/action_dispatch/middleware/templates/rescues/routing_error.html.erb within rescues/layout (173.3ms)
Started GET "/" for 127.0.0.1 at 2018-09-18 16:21:36 +0900
  
ActionController::RoutingError (uninitialized constant AppricationController):
  
app/controllers/home_controller.rb:1:in `<top (required)>'
  Rendering vendor/bundle/ruby/2.3.0/gems/actionpack-5.0.7/lib/action_dispatch/middleware/templates/rescues/routing_error.html.erb within rescues/layout
  Rendering vendor/bundle/ruby/2.3.0/gems/actionpack-5.0.7/lib/action_dispatch/middleware/templates/rescues/_trace.html.erb
  Rendered vendor/bundle/ruby/2.3.0/gems/actionpack-5.0.7/lib/action_dispatch/middleware/templates/rescues/_trace.html.erb (1.5ms)
  Rendered collection of vendor/bundle/ruby/2.3.0/gems/actionpack-5.0.7/lib/action_dispatch/middleware/templates/routes/_route.html.erb [1 times] (0.9ms)
  Rendered vendor/bundle/ruby/2.3.0/gems/actionpack-5.0.7/lib/action_dispatch/middleware/templates/routes/_table.html.erb (1.7ms)
  Rendering vendor/bundle/ruby/2.3.0/gems/actionpack-5.0.7/lib/action_dispatch/middleware/templates/rescues/_request_and_response.html.erb
  Rendered vendor/bundle/ruby/2.3.0/gems/actionpack-5.0.7/lib/action_dispatch/middleware/templates/rescues/_request_and_response.html.erb (1.1ms)
  Rendered vendor/bundle/ruby/2.3.0/gems/actionpack-5.0.7/lib/action_dispatch/middleware/templates/rescues/routing_error.html.erb within rescues/layout (179.1ms)
Started GET "/" for 127.0.0.1 at 2018-09-18 16:22:41 +0900
  
ActionController::RoutingError (uninitialized constant AppricationController):
  
app/controllers/home_controller.rb:1:in `<top (required)>'
  Rendering vendor/bundle/ruby/2.3.0/gems/actionpack-5.0.7/lib/action_dispatch/middleware/templates/rescues/routing_error.html.erb within rescues/layout
  Rendering vendor/bundle/ruby/2.3.0/gems/actionpack-5.0.7/lib/action_dispatch/middleware/templates/rescues/_trace.html.erb
  Rendered vendor/bundle/ruby/2.3.0/gems/actionpack-5.0.7/lib/action_dispatch/middleware/templates/rescues/_trace.html.erb (2.3ms)
  Rendered collection of vendor/bundle/ruby/2.3.0/gems/actionpack-5.0.7/lib/action_dispatch/middleware/templates/routes/_route.html.erb [1 times] (1.7ms)
  Rendered vendor/bundle/ruby/2.3.0/gems/actionpack-5.0.7/lib/action_dispatch/middleware/templates/routes/_table.html.erb (17.8ms)
  Rendering vendor/bundle/ruby/2.3.0/gems/actionpack-5.0.7/lib/action_dispatch/middleware/templates/rescues/_request_and_response.html.erb
  Rendered vendor/bundle/ruby/2.3.0/gems/actionpack-5.0.7/lib/action_dispatch/middleware/templates/rescues/_request_and_response.html.erb (21.8ms)
  Rendered vendor/bundle/ruby/2.3.0/gems/actionpack-5.0.7/lib/action_dispatch/middleware/templates/rescues/routing_error.html.erb within rescues/layout (240.6ms)
Started GET "/" for 127.0.0.1 at 2018-09-18 16:23:02 +0900
  
ActionController::RoutingError (uninitialized constant AppricationController):
  
app/controllers/home_controller.rb:1:in `<top (required)>'
  Rendering vendor/bundle/ruby/2.3.0/gems/actionpack-5.0.7/lib/action_dispatch/middleware/templates/rescues/routing_error.html.erb within rescues/layout
  Rendering vendor/bundle/ruby/2.3.0/gems/actionpack-5.0.7/lib/action_dispatch/middleware/templates/rescues/_trace.html.erb
  Rendered vendor/bundle/ruby/2.3.0/gems/actionpack-5.0.7/lib/action_dispatch/middleware/templates/rescues/_trace.html.erb (1.7ms)
  Rendered collection of vendor/bundle/ruby/2.3.0/gems/actionpack-5.0.7/lib/action_dispatch/middleware/templates/routes/_route.html.erb [1 times] (1.4ms)
  Rendered vendor/bundle/ruby/2.3.0/gems/actionpack-5.0.7/lib/action_dispatch/middleware/templates/routes/_table.html.erb (8.9ms)
  Rendering vendor/bundle/ruby/2.3.0/gems/actionpack-5.0.7/lib/action_dispatch/middleware/templates/rescues/_request_and_response.html.erb
  Rendered vendor/bundle/ruby/2.3.0/gems/actionpack-5.0.7/lib/action_dispatch/middleware/templates/rescues/_request_and_response.html.erb (11.2ms)
  Rendered vendor/bundle/ruby/2.3.0/gems/actionpack-5.0.7/lib/action_dispatch/middleware/templates/rescues/routing_error.html.erb within rescues/layout (209.2ms)
Started GET "/" for 127.0.0.1 at 2018-09-18 16:25:17 +0900
  
ActionController::RoutingError (uninitialized constant AppricationController):
  
app/controllers/home_controller.rb:1:in `<top (required)>'
  Rendering vendor/bundle/ruby/2.3.0/gems/actionpack-5.0.7/lib/action_dispatch/middleware/templates/rescues/routing_error.html.erb within rescues/layout
  Rendering vendor/bundle/ruby/2.3.0/gems/actionpack-5.0.7/lib/action_dispatch/middleware/templates/rescues/_trace.html.erb
  Rendered vendor/bundle/ruby/2.3.0/gems/actionpack-5.0.7/lib/action_dispatch/middleware/templates/rescues/_trace.html.erb (2.1ms)
  Rendered collection of vendor/bundle/ruby/2.3.0/gems/actionpack-5.0.7/lib/action_dispatch/middleware/templates/routes/_route.html.erb [1 times] (2.0ms)
  Rendered vendor/bundle/ruby/2.3.0/gems/actionpack-5.0.7/lib/action_dispatch/middleware/templates/routes/_table.html.erb (1.9ms)
  Rendering vendor/bundle/ruby/2.3.0/gems/actionpack-5.0.7/lib/action_dispatch/middleware/templates/rescues/_request_and_response.html.erb
  Rendered vendor/bundle/ruby/2.3.0/gems/actionpack-5.0.7/lib/action_dispatch/middleware/templates/rescues/_request_and_response.html.erb (1.4ms)
  Rendered vendor/bundle/ruby/2.3.0/gems/actionpack-5.0.7/lib/action_dispatch/middleware/templates/rescues/routing_error.html.erb within rescues/layout (181.7ms)
Started GET "/" for 127.0.0.1 at 2018-09-18 16:36:56 +0900
  
SyntaxError (/Users/tsutsumihisayoshi/Desktop/app_saikoro/sugoroku/app/controllers/home_controller.rb:3: syntax error, unexpected end-of-input, expecting keyword_end):
  
app/controllers/home_controller.rb:3: syntax error, unexpected end-of-input, expecting keyword_end
  Rendering vendor/bundle/ruby/2.3.0/gems/actionpack-5.0.7/lib/action_dispatch/middleware/templates/rescues/diagnostics.html.erb within rescues/layout
  Rendering vendor/bundle/ruby/2.3.0/gems/actionpack-5.0.7/lib/action_dispatch/middleware/templates/rescues/_source.html.erb
  Rendered vendor/bundle/ruby/2.3.0/gems/actionpack-5.0.7/lib/action_dispatch/middleware/templates/rescues/_source.html.erb (6.9ms)
  Rendering vendor/bundle/ruby/2.3.0/gems/actionpack-5.0.7/lib/action_dispatch/middleware/templates/rescues/_trace.html.erb
  Rendered vendor/bundle/ruby/2.3.0/gems/actionpack-5.0.7/lib/action_dispatch/middleware/templates/rescues/_trace.html.erb (3.9ms)
  Rendering vendor/bundle/ruby/2.3.0/gems/actionpack-5.0.7/lib/action_dispatch/middleware/templates/rescues/_request_and_response.html.erb
  Rendered vendor/bundle/ruby/2.3.0/gems/actionpack-5.0.7/lib/action_dispatch/middleware/templates/rescues/_request_and_response.html.erb (2.4ms)
  Rendered vendor/bundle/ruby/2.3.0/gems/actionpack-5.0.7/lib/action_dispatch/middleware/templates/rescues/diagnostics.html.erb within rescues/layout (171.4ms)
Started GET "/" for 127.0.0.1 at 2018-09-18 16:38:00 +0900
Processing by HomeController#index as HTML
  Rendering home/index.html.erb within layouts/application
  Rendered home/index.html.erb within layouts/application (0.6ms)
Completed 200 OK in 598ms (Views: 591.2ms | ActiveRecord: 0.0ms)


Started GET "/" for 127.0.0.1 at 2018-09-18 16:40:49 +0900
Processing by HomeController#index as HTML
  Rendering home/index.html.erb within layouts/application
  Rendered home/index.html.erb within layouts/application (2.2ms)
Completed 200 OK in 92ms (Views: 68.5ms | ActiveRecord: 0.0ms)


Started GET "/" for 127.0.0.1 at 2018-09-18 16:41:50 +0900
Processing by HomeController#index as HTML
  Rendering home/index.html.erb within layouts/application
  Rendered home/index.html.erb within layouts/application (0.8ms)
Completed 200 OK in 57ms (Views: 53.6ms | ActiveRecord: 0.0ms)


Started GET "/" for 127.0.0.1 at 2018-09-18 16:41:51 +0900
Processing by HomeController#index as HTML
  Rendering home/index.html.erb within layouts/application
  Rendered home/index.html.erb within layouts/application (0.5ms)
Completed 200 OK in 29ms (Views: 25.7ms | ActiveRecord: 0.0ms)


Started GET "/" for 127.0.0.1 at 2018-09-18 16:42:12 +0900
Processing by HomeController#index as HTML
  Rendering home/index.html.erb within layouts/application
  Rendered home/index.html.erb within layouts/application (0.5ms)
Completed 200 OK in 39ms (Views: 35.0ms | ActiveRecord: 0.0ms)


Started GET "/" for 127.0.0.1 at 2018-09-18 16:42:13 +0900
Processing by HomeController#index as HTML
  Rendering home/index.html.erb within layouts/application
  Rendered home/index.html.erb within layouts/application (0.4ms)
Completed 200 OK in 110ms (Views: 106.0ms | ActiveRecord: 0.0ms)


Started GET "/" for 127.0.0.1 at 2018-09-18 16:42:13 +0900
Processing by HomeController#index as HTML
  Rendering home/index.html.erb within layouts/application
  Rendered home/index.html.erb within layouts/application (0.7ms)
Completed 200 OK in 51ms (Views: 47.1ms | ActiveRecord: 0.0ms)


Started GET "/" for 127.0.0.1 at 2018-09-18 16:42:14 +0900
Processing by HomeController#index as HTML
  Rendering home/index.html.erb within layouts/application
  Rendered home/index.html.erb within layouts/application (1.0ms)
Completed 200 OK in 33ms (Views: 29.7ms | ActiveRecord: 0.0ms)


Started GET "/" for 127.0.0.1 at 2018-09-18 16:42:14 +0900
Processing by HomeController#index as HTML
  Rendering home/index.html.erb within layouts/application
  Rendered home/index.html.erb within layouts/application (0.5ms)
Completed 200 OK in 29ms (Views: 26.3ms | ActiveRecord: 0.0ms)


Started GET "/" for 127.0.0.1 at 2018-09-18 16:42:14 +0900
Processing by HomeController#index as HTML
  Rendering home/index.html.erb within layouts/application
  Rendered home/index.html.erb within layouts/application (0.5ms)
Completed 200 OK in 31ms (Views: 27.6ms | ActiveRecord: 0.0ms)


Started GET "/" for 127.0.0.1 at 2018-09-18 16:42:15 +0900
Processing by HomeController#index as HTML
  Rendering home/index.html.erb within layouts/application
  Rendered home/index.html.erb within layouts/application (0.5ms)
Completed 200 OK in 45ms (Views: 41.8ms | ActiveRecord: 0.0ms)


Started GET "/" for 127.0.0.1 at 2018-09-18 16:42:15 +0900
Processing by HomeController#index as HTML
  Rendering home/index.html.erb within layouts/application
  Rendered home/index.html.erb within layouts/application (0.9ms)
Completed 200 OK in 31ms (Views: 27.1ms | ActiveRecord: 0.0ms)


Started GET "/" for 127.0.0.1 at 2018-09-18 16:49:29 +0900
Processing by HomeController#index as HTML
  Rendering home/index.html.erb within layouts/application
  Rendered home/index.html.erb within layouts/application (6.3ms)
Completed 200 OK in 336ms (Views: 326.8ms | ActiveRecord: 0.0ms)


Started GET "/" for 127.0.0.1 at 2018-09-18 16:49:30 +0900
Processing by HomeController#index as HTML
  Rendering home/index.html.erb within layouts/application
  Rendered home/index.html.erb within layouts/application (1.9ms)
Completed 200 OK in 85ms (Views: 79.0ms | ActiveRecord: 0.0ms)


Started GET "/" for 127.0.0.1 at 2018-09-18 16:49:32 +0900
Processing by HomeController#index as HTML
  Rendering home/index.html.erb within layouts/application
  Rendered home/index.html.erb within layouts/application (1.7ms)
Completed 200 OK in 78ms (Views: 73.1ms | ActiveRecord: 0.0ms)


Started GET "/" for 127.0.0.1 at 2018-09-18 16:49:33 +0900
Processing by HomeController#index as HTML
  Rendering home/index.html.erb within layouts/application
  Rendered home/index.html.erb within layouts/application (0.5ms)
Completed 200 OK in 33ms (Views: 29.7ms | ActiveRecord: 0.0ms)


Started GET "/" for 127.0.0.1 at 2018-09-18 16:49:33 +0900
Processing by HomeController#index as HTML
  Rendering home/index.html.erb within layouts/application
  Rendered home/index.html.erb within layouts/application (0.5ms)
Completed 200 OK in 35ms (Views: 31.7ms | ActiveRecord: 0.0ms)


Started GET "/" for 127.0.0.1 at 2018-09-18 17:15:58 +0900
Processing by HomeController#index as HTML
  Rendering home/index.html.erb within layouts/application
  Rendered home/index.html.erb within layouts/application (56.6ms)
Completed 200 OK in 358ms (Views: 338.9ms | ActiveRecord: 0.0ms)


Started GET "/" for 127.0.0.1 at 2018-09-19 12:13:08 +0900
Processing by HomeController#index as HTML
  Rendering home/index.html.erb within layouts/application
  Rendered home/index.html.erb within layouts/application (7.3ms)
Completed 200 OK in 545ms (Views: 528.0ms | ActiveRecord: 0.0ms)


Started GET "/" for 127.0.0.1 at 2018-09-19 12:13:11 +0900
Processing by HomeController#index as HTML
  Rendering home/index.html.erb within layouts/application
  Rendered home/index.html.erb within layouts/application (0.6ms)
Completed 200 OK in 28ms (Views: 23.9ms | ActiveRecord: 0.0ms)


Started GET "/" for 127.0.0.1 at 2018-09-19 12:13:12 +0900
Processing by HomeController#index as HTML
  Rendering home/index.html.erb within layouts/application
  Rendered home/index.html.erb within layouts/application (0.5ms)
Completed 200 OK in 32ms (Views: 23.8ms | ActiveRecord: 0.0ms)


Started GET "/" for 127.0.0.1 at 2018-09-19 12:13:12 +0900
Processing by HomeController#index as HTML
  Rendering home/index.html.erb within layouts/application
  Rendered home/index.html.erb within layouts/application (0.6ms)
Completed 200 OK in 30ms (Views: 26.2ms | ActiveRecord: 0.0ms)


Started GET "/" for 127.0.0.1 at 2018-09-19 12:13:13 +0900
Processing by HomeController#index as HTML
  Rendering home/index.html.erb within layouts/application
  Rendered home/index.html.erb within layouts/application (0.7ms)
Completed 200 OK in 29ms (Views: 25.3ms | ActiveRecord: 0.0ms)


Started GET "/" for 127.0.0.1 at 2018-09-19 12:30:51 +0900
Processing by HomeController#index as HTML
  Rendering home/index.html.erb within layouts/application
  Rendered home/index.html.erb within layouts/application (4.1ms)
Completed 200 OK in 171ms (Views: 161.2ms | ActiveRecord: 0.0ms)


Started GET "/" for 127.0.0.1 at 2018-09-19 12:30:52 +0900
Processing by HomeController#index as HTML
Started GET "/" for 127.0.0.1 at 2018-09-19 12:30:52 +0900
Processing by HomeController#index as HTML
  Rendering home/index.html.erb within layouts/application
  Rendered home/index.html.erb within layouts/application (0.7ms)
  Rendering home/index.html.erb within layouts/application
  Rendered home/index.html.erb within layouts/application (0.7ms)
Completed 200 OK in 204ms (Views: 199.9ms | ActiveRecord: 0.0ms)


Completed 200 OK in 196ms (Views: 192.5ms | ActiveRecord: 0.0ms)


Started GET "/" for 127.0.0.1 at 2018-09-19 12:30:54 +0900
Processing by HomeController#index as HTML
  Rendering home/index.html.erb within layouts/application
  Rendered home/index.html.erb within layouts/application (1.4ms)
Completed 200 OK in 45ms (Views: 41.5ms | ActiveRecord: 0.0ms)


Started GET "/" for 127.0.0.1 at 2018-09-19 12:30:55 +0900
Processing by HomeController#index as HTML
  Rendering home/index.html.erb within layouts/application
  Rendered home/index.html.erb within layouts/application (0.8ms)
Completed 200 OK in 43ms (Views: 38.2ms | ActiveRecord: 0.0ms)


Started GET "/" for 127.0.0.1 at 2018-09-19 12:30:55 +0900
Processing by HomeController#index as HTML
  Rendering home/index.html.erb within layouts/application
  Rendered home/index.html.erb within layouts/application (0.7ms)
Completed 200 OK in 35ms (Views: 29.3ms | ActiveRecord: 0.0ms)


Started GET "/" for 127.0.0.1 at 2018-09-19 12:30:56 +0900
Processing by HomeController#index as HTML
  Rendering home/index.html.erb within layouts/application
  Rendered home/index.html.erb within layouts/application (0.5ms)
Completed 200 OK in 56ms (Views: 52.3ms | ActiveRecord: 0.0ms)


Started GET "/" for 127.0.0.1 at 2018-09-19 12:30:56 +0900
Processing by HomeController#index as HTML
  Rendering home/index.html.erb within layouts/application
  Rendered home/index.html.erb within layouts/application (1.0ms)
Completed 200 OK in 37ms (Views: 32.1ms | ActiveRecord: 0.0ms)


Started GET "/" for 127.0.0.1 at 2018-09-19 12:30:57 +0900
Processing by HomeController#index as HTML
  Rendering home/index.html.erb within layouts/application
  Rendered home/index.html.erb within layouts/application (0.8ms)
Completed 200 OK in 42ms (Views: 35.8ms | ActiveRecord: 0.0ms)


Started GET "/" for 127.0.0.1 at 2018-09-19 12:41:24 +0900
Processing by HomeController#index as HTML
  Rendering home/index.html.erb within layouts/application
  Rendered home/index.html.erb within layouts/application (10.1ms)
Completed 200 OK in 268ms (Views: 251.2ms | ActiveRecord: 0.0ms)


Started GET "/" for 127.0.0.1 at 2018-09-19 12:41:24 +0900
Processing by HomeController#index as HTML
Started GET "/" for 127.0.0.1 at 2018-09-19 12:41:24 +0900
  Rendering home/index.html.erb within layouts/application
Processing by HomeController#index as HTML
  Rendered home/index.html.erb within layouts/application (0.8ms)
  Rendering home/index.html.erb within layouts/application
  Rendered home/index.html.erb within layouts/application (0.9ms)
Completed 200 OK in 79ms (Views: 76.1ms | ActiveRecord: 0.0ms)


Completed 200 OK in 72ms (Views: 68.1ms | ActiveRecord: 0.0ms)


Started GET "/" for 127.0.0.1 at 2018-09-19 12:41:28 +0900
Processing by HomeController#index as HTML
  Rendering home/index.html.erb within layouts/application
  Rendered home/index.html.erb within layouts/application (0.6ms)
Completed 200 OK in 34ms (Views: 29.6ms | ActiveRecord: 0.0ms)


Started GET "/" for 127.0.0.1 at 2018-09-19 12:41:29 +0900
Processing by HomeController#index as HTML
  Rendering home/index.html.erb within layouts/application
  Rendered home/index.html.erb within layouts/application (0.5ms)
Completed 200 OK in 30ms (Views: 25.7ms | ActiveRecord: 0.0ms)


Started GET "/" for 127.0.0.1 at 2018-09-19 12:41:30 +0900
Processing by HomeController#index as HTML
  Rendering home/index.html.erb within layouts/application
  Rendered home/index.html.erb within layouts/application (0.6ms)
Completed 200 OK in 32ms (Views: 28.2ms | ActiveRecord: 0.0ms)


Started GET "/" for 127.0.0.1 at 2018-09-19 12:41:31 +0900
Processing by HomeController#index as HTML
  Rendering home/index.html.erb within layouts/application
  Rendered home/index.html.erb within layouts/application (1.3ms)
Completed 200 OK in 34ms (Views: 29.1ms | ActiveRecord: 0.0ms)


Started GET "/" for 127.0.0.1 at 2018-09-19 12:41:31 +0900
Processing by HomeController#index as HTML
  Rendering home/index.html.erb within layouts/application
  Rendered home/index.html.erb within layouts/application (0.6ms)
Completed 200 OK in 35ms (Views: 29.7ms | ActiveRecord: 0.0ms)


Started GET "/" for 127.0.0.1 at 2018-09-19 12:41:32 +0900
Processing by HomeController#index as HTML
  Rendering home/index.html.erb within layouts/application
  Rendered home/index.html.erb within layouts/application (0.8ms)
Completed 200 OK in 34ms (Views: 29.7ms | ActiveRecord: 0.0ms)


Started GET "/" for 127.0.0.1 at 2018-09-19 12:41:33 +0900
Processing by HomeController#index as HTML
  Rendering home/index.html.erb within layouts/application
  Rendered home/index.html.erb within layouts/application (2.2ms)
Completed 200 OK in 36ms (Views: 32.5ms | ActiveRecord: 0.0ms)


Started GET "/" for 127.0.0.1 at 2018-09-19 12:49:26 +0900
Processing by HomeController#index as HTML
  Rendering home/index.html.erb within layouts/application
  Rendered home/index.html.erb within layouts/application (3.7ms)
Completed 200 OK in 134ms (Views: 117.3ms | ActiveRecord: 0.0ms)


Started GET "/" for 127.0.0.1 at 2018-09-19 12:51:26 +0900
Started GET "/" for 127.0.0.1 at 2018-09-19 12:51:26 +0900
Processing by HomeController#index as HTML
Processing by HomeController#index as HTML
  Rendering home/index.html.erb within layouts/application
  Rendered home/index.html.erb within layouts/application (1.2ms)
  Rendering home/index.html.erb within layouts/application
  Rendered home/index.html.erb within layouts/application (0.1ms)
Completed 200 OK in 249ms (Views: 240.9ms | ActiveRecord: 0.0ms)


Completed 200 OK in 321ms (Views: 317.6ms | ActiveRecord: 0.0ms)


Started GET "/" for 127.0.0.1 at 2018-09-19 12:51:41 +0900
Processing by HomeController#index as HTML
  Rendering home/index.html.erb within layouts/application
  Rendered home/index.html.erb within layouts/application (0.5ms)
Completed 200 OK in 36ms (Views: 32.8ms | ActiveRecord: 0.0ms)


Started GET "/" for 127.0.0.1 at 2018-09-19 13:00:27 +0900
Processing by HomeController#index as HTML
  Rendering home/index.html.erb within layouts/application
  Rendered home/index.html.erb within layouts/application (2.9ms)
Completed 200 OK in 165ms (Views: 153.3ms | ActiveRecord: 0.0ms)


Started GET "/" for 127.0.0.1 at 2018-09-19 13:01:02 +0900
Processing by HomeController#index as HTML
  Rendering home/index.html.erb within layouts/application
  Rendered home/index.html.erb within layouts/application (1.1ms)
Completed 200 OK in 125ms (Views: 121.5ms | ActiveRecord: 0.0ms)


Started GET "/" for 127.0.0.1 at 2018-09-19 13:01:06 +0900
Processing by HomeController#index as HTML
  Rendering home/index.html.erb within layouts/application
  Rendered home/index.html.erb within layouts/application (0.9ms)
Completed 200 OK in 38ms (Views: 33.4ms | ActiveRecord: 0.0ms)


Started GET "/" for 127.0.0.1 at 2018-09-19 13:02:03 +0900
Processing by HomeController#index as HTML
  Rendering home/index.html.erb within layouts/application
  Rendered home/index.html.erb within layouts/application (0.5ms)
Completed 200 OK in 34ms (Views: 31.1ms | ActiveRecord: 0.0ms)


Started GET "/" for 127.0.0.1 at 2018-09-19 13:02:44 +0900
Processing by HomeController#index as HTML
  Rendering home/index.html.erb within layouts/application
  Rendered home/index.html.erb within layouts/application (0.5ms)
Completed 200 OK in 113ms (Views: 109.2ms | ActiveRecord: 0.0ms)


Started GET "/" for 127.0.0.1 at 2018-09-19 13:08:51 +0900
Processing by HomeController#index as HTML
  Rendering home/index.html.erb within layouts/application
  Rendered home/index.html.erb within layouts/application (0.7ms)
Completed 200 OK in 143ms (Views: 140.3ms | ActiveRecord: 0.0ms)


Started GET "/" for 127.0.0.1 at 2018-09-19 13:11:15 +0900
Processing by HomeController#index as HTML
  Rendering home/index.html.erb within layouts/application
  Rendered home/index.html.erb within layouts/application (0.5ms)
Completed 200 OK in 155ms (Views: 148.7ms | ActiveRecord: 0.0ms)


Started GET "/" for 127.0.0.1 at 2018-09-19 13:12:40 +0900
Processing by HomeController#index as HTML
  Rendering home/index.html.erb within layouts/application
  Rendered home/index.html.erb within layouts/application (1.0ms)
Completed 200 OK in 111ms (Views: 107.7ms | ActiveRecord: 0.0ms)


Started GET "/" for 127.0.0.1 at 2018-09-19 13:18:49 +0900
Processing by HomeController#index as HTML
  Rendering home/index.html.erb within layouts/application
  Rendered home/index.html.erb within layouts/application (3.4ms)
Completed 200 OK in 169ms (Views: 158.1ms | ActiveRecord: 0.0ms)


Started GET "/" for 127.0.0.1 at 2018-09-19 13:19:27 +0900
Processing by HomeController#index as HTML
  Rendering home/index.html.erb within layouts/application
  Rendered home/index.html.erb within layouts/application (1.0ms)
Completed 200 OK in 111ms (Views: 107.3ms | ActiveRecord: 0.0ms)


Started GET "/" for 127.0.0.1 at 2018-09-19 13:21:06 +0900
Processing by HomeController#index as HTML
  Rendering home/index.html.erb within layouts/application
  Rendered home/index.html.erb within layouts/application (0.5ms)
Completed 200 OK in 113ms (Views: 107.2ms | ActiveRecord: 0.0ms)


